2018-05-16 17:31:10 INFO  SeleniumTask:88 - Total count are 3,531 repository results
2018-05-16 17:31:10 INFO  SeleniumTask:80 - There are 10 repositories on the page.

2018-05-16 17:31:10 INFO  SeleniumTask:81 - Name of repositories: 
2018-05-16 17:31:10 INFO  SeleniumTask:83 - 	SeleniumHQ/selenium
2018-05-16 17:31:10 INFO  SeleniumTask:83 - 	vmi/selenese-runner-java
2018-05-16 17:31:10 INFO  SeleniumTask:83 - 	Ardesco/Selenium-Maven-Template
2018-05-16 17:31:10 INFO  SeleniumTask:83 - 	bonigarcia/webdrivermanager
2018-05-16 17:31:10 INFO  SeleniumTask:83 - 	yandex-qatools/htmlelements
2018-05-16 17:31:10 INFO  SeleniumTask:83 - 	arquillian/arquillian-graphene
2018-05-16 17:31:10 INFO  SeleniumTask:83 - 	previousdeveloper/Selenium-best-practices
2018-05-16 17:31:11 INFO  SeleniumTask:83 - 	executeautomation/SeleniumWithCucucumber
2018-05-16 17:31:11 INFO  SeleniumTask:83 - 	seleniumQuery/seleniumQuery
2018-05-16 17:31:11 INFO  SeleniumTask:83 - 	sayems/java.webdriver
2018-05-16 17:31:11 INFO  SeleniumTask:99 - Tag 'selenium' contain: selenium
2018-05-16 17:31:11 INFO  SeleniumTask:99 - Tag 'selenium' contain: selenium
2018-05-16 17:31:11 INFO  SeleniumTask:99 - Tag 'selenium' contain: selenium
2018-05-16 17:31:11 INFO  SeleniumTask:99 - Tag 'selenium' contain: selenium
2018-05-16 17:31:11 INFO  SeleniumTask:99 - Tag 'selenium' contain: selenium
2018-05-16 17:31:12 INFO  SeleniumTask:99 - Tag 'selenium' contain: selenium
2018-05-16 17:31:12 INFO  SeleniumTask:99 - Tag 'selenium' contain: selenium
2018-05-16 17:31:12 INFO  SeleniumTask:99 - Tag 'selenium' contain: selenium
2018-05-16 17:31:12 INFO  SeleniumTask:99 - Tag 'selenium' contain: selenium
2018-05-16 17:31:12 INFO  SeleniumTask:99 - Tag 'selenium' contain: selenium
2018-05-16 17:31:13 INFO  SeleniumTask:105 - All tags contain selenium!
2018-05-16 17:31:14 INFO  SeleniumTask:80 - There are 10 repositories on the page.

2018-05-16 17:31:14 INFO  SeleniumTask:81 - Name of repositories: 
2018-05-16 17:31:14 INFO  SeleniumTask:83 - 	dobikun/selenium
2018-05-16 17:31:14 INFO  SeleniumTask:83 - 	asheikabrar/Selenium
2018-05-16 17:31:14 INFO  SeleniumTask:83 - 	arnlaugsson/sparkIt
2018-05-16 17:31:14 INFO  SeleniumTask:83 - 	knurum/Java
2018-05-16 17:31:14 INFO  SeleniumTask:83 - 	Gutek18/Java
2018-05-16 17:31:14 INFO  SeleniumTask:83 - 	defrances/Java
2018-05-16 17:31:14 INFO  SeleniumTask:83 - 	crossbrowsertesting/selenium-java
2018-05-16 17:31:14 INFO  SeleniumTask:83 - 	the-multitude/Selenium
2018-05-16 17:31:14 INFO  SeleniumTask:83 - 	bvinaykumar/selenium
2018-05-16 17:31:14 INFO  SeleniumTask:83 - 	jgreenQA/Selenium
2018-05-16 17:31:16 INFO  SeleniumTask:88 - Total count are 778,916 repository results
2018-05-16 17:31:16 INFO  SeleniumTask:80 - There are 10 repositories on the page.

2018-05-16 17:31:16 INFO  SeleniumTask:81 - Name of repositories: 
2018-05-16 17:31:16 INFO  SeleniumTask:83 - 	TheAlgorithms/Java
2018-05-16 17:31:16 INFO  SeleniumTask:83 - 	DuGuQiuBai/Java
2018-05-16 17:31:16 INFO  SeleniumTask:83 - 	hmkcode/Java
2018-05-16 17:31:16 INFO  SeleniumTask:83 - 	pubnub/java
2018-05-16 17:31:16 INFO  SeleniumTask:83 - 	sous-chefs/java
2018-05-16 17:31:16 INFO  SeleniumTask:83 - 	dockerfile/java
2018-05-16 17:31:16 INFO  SeleniumTask:83 - 	json-iterator/java
2018-05-16 17:31:16 INFO  SeleniumTask:83 - 	gaopu/Java
2018-05-16 17:31:16 INFO  SeleniumTask:83 - 	exercism/java
2018-05-16 17:31:16 INFO  SeleniumTask:83 - 	structurizr/java
2018-05-16 17:33:06 INFO  SeleniumTask:88 - Total count are 3,531 repository results
2018-05-16 17:33:06 INFO  SeleniumTask:80 - There are 10 repositories on the page.

2018-05-16 17:33:06 INFO  SeleniumTask:81 - Name of repositories: 
2018-05-16 17:33:06 INFO  SeleniumTask:83 - 	SeleniumHQ/selenium
2018-05-16 17:33:06 INFO  SeleniumTask:83 - 	vmi/selenese-runner-java
2018-05-16 17:33:06 INFO  SeleniumTask:83 - 	Ardesco/Selenium-Maven-Template
2018-05-16 17:33:06 INFO  SeleniumTask:83 - 	bonigarcia/webdrivermanager
2018-05-16 17:33:06 INFO  SeleniumTask:83 - 	yandex-qatools/htmlelements
2018-05-16 17:33:06 INFO  SeleniumTask:83 - 	arquillian/arquillian-graphene
2018-05-16 17:33:06 INFO  SeleniumTask:83 - 	previousdeveloper/Selenium-best-practices
2018-05-16 17:33:06 INFO  SeleniumTask:83 - 	executeautomation/SeleniumWithCucucumber
2018-05-16 17:33:06 INFO  SeleniumTask:83 - 	seleniumQuery/seleniumQuery
2018-05-16 17:33:06 INFO  SeleniumTask:83 - 	sayems/java.webdriver
2018-05-16 17:33:06 INFO  SeleniumTask:99 - Tag 'selenium' contain: selenium
2018-05-16 17:33:06 INFO  SeleniumTask:99 - Tag 'selenium' contain: selenium
2018-05-16 17:33:06 INFO  SeleniumTask:99 - Tag 'selenium' contain: selenium
2018-05-16 17:33:06 INFO  SeleniumTask:99 - Tag 'selenium' contain: selenium
2018-05-16 17:33:07 INFO  SeleniumTask:99 - Tag 'selenium' contain: selenium
2018-05-16 17:33:07 INFO  SeleniumTask:99 - Tag 'selenium' contain: selenium
2018-05-16 17:33:07 INFO  SeleniumTask:99 - Tag 'selenium' contain: selenium
2018-05-16 17:33:07 INFO  SeleniumTask:99 - Tag 'selenium' contain: selenium
2018-05-16 17:33:07 INFO  SeleniumTask:99 - Tag 'selenium' contain: selenium
2018-05-16 17:33:07 INFO  SeleniumTask:99 - Tag 'selenium' contain: selenium
2018-05-16 17:33:08 INFO  SeleniumTask:105 - All tags contain selenium!
2018-05-16 17:33:09 INFO  SeleniumTask:80 - There are 10 repositories on the page.

2018-05-16 17:33:09 INFO  SeleniumTask:81 - Name of repositories: 
2018-05-16 17:33:09 INFO  SeleniumTask:83 - 	dobikun/selenium
2018-05-16 17:33:09 INFO  SeleniumTask:83 - 	asheikabrar/Selenium
2018-05-16 17:33:09 INFO  SeleniumTask:83 - 	arnlaugsson/sparkIt
2018-05-16 17:33:09 INFO  SeleniumTask:83 - 	knurum/Java
2018-05-16 17:33:09 INFO  SeleniumTask:83 - 	Gutek18/Java
2018-05-16 17:33:09 INFO  SeleniumTask:83 - 	defrances/Java
2018-05-16 17:33:09 INFO  SeleniumTask:83 - 	crossbrowsertesting/selenium-java
2018-05-16 17:33:09 INFO  SeleniumTask:83 - 	the-multitude/Selenium
2018-05-16 17:33:09 INFO  SeleniumTask:83 - 	bvinaykumar/selenium
2018-05-16 17:33:10 INFO  SeleniumTask:83 - 	jgreenQA/Selenium
2018-05-16 17:33:12 INFO  SeleniumTask:88 - Total count are 778,918 repository results
2018-05-16 17:33:12 INFO  SeleniumTask:80 - There are 10 repositories on the page.

2018-05-16 17:33:12 INFO  SeleniumTask:81 - Name of repositories: 
2018-05-16 17:33:12 INFO  SeleniumTask:83 - 	TheAlgorithms/Java
2018-05-16 17:33:12 INFO  SeleniumTask:83 - 	DuGuQiuBai/Java
2018-05-16 17:33:12 INFO  SeleniumTask:83 - 	hmkcode/Java
2018-05-16 17:33:12 INFO  SeleniumTask:83 - 	pubnub/java
2018-05-16 17:33:12 INFO  SeleniumTask:83 - 	sous-chefs/java
2018-05-16 17:33:12 INFO  SeleniumTask:83 - 	dockerfile/java
2018-05-16 17:33:12 INFO  SeleniumTask:83 - 	json-iterator/java
2018-05-16 17:33:12 INFO  SeleniumTask:83 - 	gaopu/Java
2018-05-16 17:33:12 INFO  SeleniumTask:83 - 	exercism/java
2018-05-16 17:33:12 INFO  SeleniumTask:83 - 	structurizr/java
